# ./configure --prefix=android/x86 --target=x86-android-gcc --sdk-path=/home/ring0/develop/android-ndk-r15c --enable-runtime-cpu-detect --disable-install-docs --disable-examples --disable-tools --disable-docs --enable-vp8 --enable-vp9
Configuring for target 'x86-android-gcc'
  enabling x86
check_cpp
BEGIN /tmp/vpx-conf-29977-19507.c
     1	#if !defined(__ILP32__) || !defined(__x86_64__)
     2	#error "not x32"
     3	#endif
END /tmp/vpx-conf-29977-19507.c
gcc -fpic -ffunction-sections -funwind-tables -fstack-protector -no-canonical-prefixes -msoft-float -fno-exceptions -I/home/ring0/develop/android-ndk-r15c/platforms/android-19/arch-x86/usr/include -E -o /tmp/vpx-conf-29977-19507.o /tmp/vpx-conf-29977-19507.c
/tmp/vpx-conf-29977-19507.c:2:2: error: #error "not x32"
 #error "not x32"
  ^~~~~
check_cflags -mmmx
check_cc -Werror -mmmx
BEGIN /tmp/vpx-conf-29977-19507.c
     1	int x;
END /tmp/vpx-conf-29977-19507.c
gcc -fpic -ffunction-sections -funwind-tables -fstack-protector -no-canonical-prefixes -msoft-float -fno-exceptions -I/home/ring0/develop/android-ndk-r15c/platforms/android-19/arch-x86/usr/include -m32 -Werror -mmmx -c -o /tmp/vpx-conf-29977-19507.o /tmp/vpx-conf-29977-19507.c
  enabling mmx
check_cflags -msse
check_cc -Werror -msse
BEGIN /tmp/vpx-conf-29977-19507.c
     1	int x;
END /tmp/vpx-conf-29977-19507.c
gcc -fpic -ffunction-sections -funwind-tables -fstack-protector -no-canonical-prefixes -msoft-float -fno-exceptions -I/home/ring0/develop/android-ndk-r15c/platforms/android-19/arch-x86/usr/include -m32 -Werror -msse -c -o /tmp/vpx-conf-29977-19507.o /tmp/vpx-conf-29977-19507.c
  enabling sse
check_cflags -msse2
check_cc -Werror -msse2
BEGIN /tmp/vpx-conf-29977-19507.c
     1	int x;
END /tmp/vpx-conf-29977-19507.c
gcc -fpic -ffunction-sections -funwind-tables -fstack-protector -no-canonical-prefixes -msoft-float -fno-exceptions -I/home/ring0/develop/android-ndk-r15c/platforms/android-19/arch-x86/usr/include -m32 -Werror -msse2 -c -o /tmp/vpx-conf-29977-19507.o /tmp/vpx-conf-29977-19507.c
  enabling sse2
check_cflags -msse3
check_cc -Werror -msse3
BEGIN /tmp/vpx-conf-29977-19507.c
     1	int x;
END /tmp/vpx-conf-29977-19507.c
gcc -fpic -ffunction-sections -funwind-tables -fstack-protector -no-canonical-prefixes -msoft-float -fno-exceptions -I/home/ring0/develop/android-ndk-r15c/platforms/android-19/arch-x86/usr/include -m32 -Werror -msse3 -c -o /tmp/vpx-conf-29977-19507.o /tmp/vpx-conf-29977-19507.c
  enabling sse3
check_cflags -mssse3
check_cc -Werror -mssse3
BEGIN /tmp/vpx-conf-29977-19507.c
     1	int x;
END /tmp/vpx-conf-29977-19507.c
gcc -fpic -ffunction-sections -funwind-tables -fstack-protector -no-canonical-prefixes -msoft-float -fno-exceptions -I/home/ring0/develop/android-ndk-r15c/platforms/android-19/arch-x86/usr/include -m32 -Werror -mssse3 -c -o /tmp/vpx-conf-29977-19507.o /tmp/vpx-conf-29977-19507.c
  enabling ssse3
check_cflags -msse4
check_cc -Werror -msse4
BEGIN /tmp/vpx-conf-29977-19507.c
     1	int x;
END /tmp/vpx-conf-29977-19507.c
gcc -fpic -ffunction-sections -funwind-tables -fstack-protector -no-canonical-prefixes -msoft-float -fno-exceptions -I/home/ring0/develop/android-ndk-r15c/platforms/android-19/arch-x86/usr/include -m32 -Werror -msse4 -c -o /tmp/vpx-conf-29977-19507.o /tmp/vpx-conf-29977-19507.c
  enabling sse4_1
check_cflags -mavx
check_cc -Werror -mavx
BEGIN /tmp/vpx-conf-29977-19507.c
     1	int x;
END /tmp/vpx-conf-29977-19507.c
gcc -fpic -ffunction-sections -funwind-tables -fstack-protector -no-canonical-prefixes -msoft-float -fno-exceptions -I/home/ring0/develop/android-ndk-r15c/platforms/android-19/arch-x86/usr/include -m32 -Werror -mavx -c -o /tmp/vpx-conf-29977-19507.o /tmp/vpx-conf-29977-19507.c
  enabling avx
check_cflags -mavx2
check_cc -Werror -mavx2
BEGIN /tmp/vpx-conf-29977-19507.c
     1	int x;
END /tmp/vpx-conf-29977-19507.c
gcc -fpic -ffunction-sections -funwind-tables -fstack-protector -no-canonical-prefixes -msoft-float -fno-exceptions -I/home/ring0/develop/android-ndk-r15c/platforms/android-19/arch-x86/usr/include -m32 -Werror -mavx2 -c -o /tmp/vpx-conf-29977-19507.o /tmp/vpx-conf-29977-19507.c
  enabling avx2
  using yasm
check_cxxflags -DNDEBUG
check_cxx -Werror -DNDEBUG
BEGIN /tmp/vpx-conf-29977-19507.cc
     1	int x;
END /tmp/vpx-conf-29977-19507.cc
g++ -m32 -Werror -DNDEBUG -c -o /tmp/vpx-conf-29977-19507.o /tmp/vpx-conf-29977-19507.cc
check_cflags -DNDEBUG
check_cc -Werror -DNDEBUG
BEGIN /tmp/vpx-conf-29977-19507.c
     1	int x;
END /tmp/vpx-conf-29977-19507.c
gcc -fpic -ffunction-sections -funwind-tables -fstack-protector -no-canonical-prefixes -msoft-float -fno-exceptions -I/home/ring0/develop/android-ndk-r15c/platforms/android-19/arch-x86/usr/include -m32 -Werror -DNDEBUG -c -o /tmp/vpx-conf-29977-19507.o /tmp/vpx-conf-29977-19507.c
check_cxxflags -O3
check_cxx -Werror -O3
BEGIN /tmp/vpx-conf-29977-19507.cc
     1	int x;
END /tmp/vpx-conf-29977-19507.cc
g++ -m32 -DNDEBUG -Werror -O3 -c -o /tmp/vpx-conf-29977-19507.o /tmp/vpx-conf-29977-19507.cc
check_cflags -O3
check_cc -Werror -O3
BEGIN /tmp/vpx-conf-29977-19507.c
     1	int x;
END /tmp/vpx-conf-29977-19507.c
gcc -fpic -ffunction-sections -funwind-tables -fstack-protector -no-canonical-prefixes -msoft-float -fno-exceptions -I/home/ring0/develop/android-ndk-r15c/platforms/android-19/arch-x86/usr/include -m32 -DNDEBUG -Werror -O3 -c -o /tmp/vpx-conf-29977-19507.o /tmp/vpx-conf-29977-19507.c
check_cc
BEGIN /tmp/vpx-conf-29977-19507.c
     1	unsigned int e = 'O'<<24 | '2'<<16 | 'B'<<8 | 'E';
END /tmp/vpx-conf-29977-19507.c
gcc -fpic -ffunction-sections -funwind-tables -fstack-protector -no-canonical-prefixes -msoft-float -fno-exceptions -I/home/ring0/develop/android-ndk-r15c/platforms/android-19/arch-x86/usr/include -m32 -DNDEBUG -O3 -c -o /tmp/vpx-conf-29977-19507.o /tmp/vpx-conf-29977-19507.c
check_cc
BEGIN /tmp/vpx-conf-29977-19507.c
     1	static inline function() {}
END /tmp/vpx-conf-29977-19507.c
gcc -fpic -ffunction-sections -funwind-tables -fstack-protector -no-canonical-prefixes -msoft-float -fno-exceptions -I/home/ring0/develop/android-ndk-r15c/platforms/android-19/arch-x86/usr/include -m32 -DNDEBUG -O3 -c -o /tmp/vpx-conf-29977-19507.o /tmp/vpx-conf-29977-19507.c
/tmp/vpx-conf-29977-19507.c:1:15: warning: return type defaults to ‘int’ [-Wimplicit-int]
 static inline function() {}
               ^~~~~~~~
check_cxxflags -Wall
check_cxx -Werror -Wall
BEGIN /tmp/vpx-conf-29977-19507.cc
     1	int x;
END /tmp/vpx-conf-29977-19507.cc
g++ -m32 -DNDEBUG -O3 -Werror -Wall -c -o /tmp/vpx-conf-29977-19507.o /tmp/vpx-conf-29977-19507.cc
check_cflags -Wall
check_cc -Werror -Wall
BEGIN /tmp/vpx-conf-29977-19507.c
     1	int x;
END /tmp/vpx-conf-29977-19507.c
gcc -fpic -ffunction-sections -funwind-tables -fstack-protector -no-canonical-prefixes -msoft-float -fno-exceptions -I/home/ring0/develop/android-ndk-r15c/platforms/android-19/arch-x86/usr/include -m32 -DNDEBUG -O3 -Werror -Wall -c -o /tmp/vpx-conf-29977-19507.o /tmp/vpx-conf-29977-19507.c
check_cxxflags -Wdeclaration-after-statement
check_cxx -Werror -Wdeclaration-after-statement
BEGIN /tmp/vpx-conf-29977-19507.cc
     1	int x;
END /tmp/vpx-conf-29977-19507.cc
g++ -m32 -DNDEBUG -O3 -Wall -Werror -Wdeclaration-after-statement -c -o /tmp/vpx-conf-29977-19507.o /tmp/vpx-conf-29977-19507.cc
cc1plus: error: command line option ‘-Wdeclaration-after-statement’ is valid for C/ObjC but not for C++ [-Werror]
cc1plus: all warnings being treated as errors
check_cflags -Wdeclaration-after-statement
check_cc -Werror -Wdeclaration-after-statement
BEGIN /tmp/vpx-conf-29977-19507.c
     1	int x;
END /tmp/vpx-conf-29977-19507.c
gcc -fpic -ffunction-sections -funwind-tables -fstack-protector -no-canonical-prefixes -msoft-float -fno-exceptions -I/home/ring0/develop/android-ndk-r15c/platforms/android-19/arch-x86/usr/include -m32 -DNDEBUG -O3 -Wall -Werror -Wdeclaration-after-statement -c -o /tmp/vpx-conf-29977-19507.o /tmp/vpx-conf-29977-19507.c
check_cxxflags -Wdisabled-optimization
check_cxx -Werror -Wdisabled-optimization
BEGIN /tmp/vpx-conf-29977-19507.cc
     1	int x;
END /tmp/vpx-conf-29977-19507.cc
g++ -m32 -DNDEBUG -O3 -Wall -Werror -Wdisabled-optimization -c -o /tmp/vpx-conf-29977-19507.o /tmp/vpx-conf-29977-19507.cc
check_cflags -Wdisabled-optimization
check_cc -Werror -Wdisabled-optimization
BEGIN /tmp/vpx-conf-29977-19507.c
     1	int x;
END /tmp/vpx-conf-29977-19507.c
gcc -fpic -ffunction-sections -funwind-tables -fstack-protector -no-canonical-prefixes -msoft-float -fno-exceptions -I/home/ring0/develop/android-ndk-r15c/platforms/android-19/arch-x86/usr/include -m32 -DNDEBUG -O3 -Wall -Wdeclaration-after-statement -Werror -Wdisabled-optimization -c -o /tmp/vpx-conf-29977-19507.o /tmp/vpx-conf-29977-19507.c
check_cxxflags -Wfloat-conversion
check_cxx -Werror -Wfloat-conversion
BEGIN /tmp/vpx-conf-29977-19507.cc
     1	int x;
END /tmp/vpx-conf-29977-19507.cc
g++ -m32 -DNDEBUG -O3 -Wall -Wdisabled-optimization -Werror -Wfloat-conversion -c -o /tmp/vpx-conf-29977-19507.o /tmp/vpx-conf-29977-19507.cc
check_cflags -Wfloat-conversion
check_cc -Werror -Wfloat-conversion
BEGIN /tmp/vpx-conf-29977-19507.c
     1	int x;
END /tmp/vpx-conf-29977-19507.c
gcc -fpic -ffunction-sections -funwind-tables -fstack-protector -no-canonical-prefixes -msoft-float -fno-exceptions -I/home/ring0/develop/android-ndk-r15c/platforms/android-19/arch-x86/usr/include -m32 -DNDEBUG -O3 -Wall -Wdeclaration-after-statement -Wdisabled-optimization -Werror -Wfloat-conversion -c -o /tmp/vpx-conf-29977-19507.o /tmp/vpx-conf-29977-19507.c
check_cxxflags -Wparentheses-equality
check_cxx -Werror -Wparentheses-equality
BEGIN /tmp/vpx-conf-29977-19507.cc
     1	int x;
END /tmp/vpx-conf-29977-19507.cc
g++ -m32 -DNDEBUG -O3 -Wall -Wdisabled-optimization -Wfloat-conversion -Werror -Wparentheses-equality -c -o /tmp/vpx-conf-29977-19507.o /tmp/vpx-conf-29977-19507.cc
g++: error: unrecognized command line option ‘-Wparentheses-equality’; did you mean ‘-Wparentheses’?
check_cflags -Wparentheses-equality
check_cc -Werror -Wparentheses-equality
BEGIN /tmp/vpx-conf-29977-19507.c
     1	int x;
END /tmp/vpx-conf-29977-19507.c
gcc -fpic -ffunction-sections -funwind-tables -fstack-protector -no-canonical-prefixes -msoft-float -fno-exceptions -I/home/ring0/develop/android-ndk-r15c/platforms/android-19/arch-x86/usr/include -m32 -DNDEBUG -O3 -Wall -Wdeclaration-after-statement -Wdisabled-optimization -Wfloat-conversion -Werror -Wparentheses-equality -c -o /tmp/vpx-conf-29977-19507.o /tmp/vpx-conf-29977-19507.c
gcc: error: unrecognized command line option ‘-Wparentheses-equality’; did you mean ‘-Wparentheses’?
check_cxxflags -Wpointer-arith
check_cxx -Werror -Wpointer-arith
BEGIN /tmp/vpx-conf-29977-19507.cc
     1	int x;
END /tmp/vpx-conf-29977-19507.cc
g++ -m32 -DNDEBUG -O3 -Wall -Wdisabled-optimization -Wfloat-conversion -Werror -Wpointer-arith -c -o /tmp/vpx-conf-29977-19507.o /tmp/vpx-conf-29977-19507.cc
check_cflags -Wpointer-arith
check_cc -Werror -Wpointer-arith
BEGIN /tmp/vpx-conf-29977-19507.c
     1	int x;
END /tmp/vpx-conf-29977-19507.c
gcc -fpic -ffunction-sections -funwind-tables -fstack-protector -no-canonical-prefixes -msoft-float -fno-exceptions -I/home/ring0/develop/android-ndk-r15c/platforms/android-19/arch-x86/usr/include -m32 -DNDEBUG -O3 -Wall -Wdeclaration-after-statement -Wdisabled-optimization -Wfloat-conversion -Werror -Wpointer-arith -c -o /tmp/vpx-conf-29977-19507.o /tmp/vpx-conf-29977-19507.c
check_cxxflags -Wtype-limits
check_cxx -Werror -Wtype-limits
BEGIN /tmp/vpx-conf-29977-19507.cc
     1	int x;
END /tmp/vpx-conf-29977-19507.cc
g++ -m32 -DNDEBUG -O3 -Wall -Wdisabled-optimization -Wfloat-conversion -Wpointer-arith -Werror -Wtype-limits -c -o /tmp/vpx-conf-29977-19507.o /tmp/vpx-conf-29977-19507.cc
check_cflags -Wtype-limits
check_cc -Werror -Wtype-limits
BEGIN /tmp/vpx-conf-29977-19507.c
     1	int x;
END /tmp/vpx-conf-29977-19507.c
gcc -fpic -ffunction-sections -funwind-tables -fstack-protector -no-canonical-prefixes -msoft-float -fno-exceptions -I/home/ring0/develop/android-ndk-r15c/platforms/android-19/arch-x86/usr/include -m32 -DNDEBUG -O3 -Wall -Wdeclaration-after-statement -Wdisabled-optimization -Wfloat-conversion -Wpointer-arith -Werror -Wtype-limits -c -o /tmp/vpx-conf-29977-19507.o /tmp/vpx-conf-29977-19507.c
check_cxxflags -Wcast-qual
check_cxx -Werror -Wcast-qual
BEGIN /tmp/vpx-conf-29977-19507.cc
     1	int x;
END /tmp/vpx-conf-29977-19507.cc
g++ -m32 -DNDEBUG -O3 -Wall -Wdisabled-optimization -Wfloat-conversion -Wpointer-arith -Wtype-limits -Werror -Wcast-qual -c -o /tmp/vpx-conf-29977-19507.o /tmp/vpx-conf-29977-19507.cc
check_cflags -Wcast-qual
check_cc -Werror -Wcast-qual
BEGIN /tmp/vpx-conf-29977-19507.c
     1	int x;
END /tmp/vpx-conf-29977-19507.c
gcc -fpic -ffunction-sections -funwind-tables -fstack-protector -no-canonical-prefixes -msoft-float -fno-exceptions -I/home/ring0/develop/android-ndk-r15c/platforms/android-19/arch-x86/usr/include -m32 -DNDEBUG -O3 -Wall -Wdeclaration-after-statement -Wdisabled-optimization -Wfloat-conversion -Wpointer-arith -Wtype-limits -Werror -Wcast-qual -c -o /tmp/vpx-conf-29977-19507.o /tmp/vpx-conf-29977-19507.c
check_cxxflags -Wvla
check_cxx -Werror -Wvla
BEGIN /tmp/vpx-conf-29977-19507.cc
     1	int x;
END /tmp/vpx-conf-29977-19507.cc
g++ -m32 -DNDEBUG -O3 -Wall -Wdisabled-optimization -Wfloat-conversion -Wpointer-arith -Wtype-limits -Wcast-qual -Werror -Wvla -c -o /tmp/vpx-conf-29977-19507.o /tmp/vpx-conf-29977-19507.cc
check_cflags -Wvla
check_cc -Werror -Wvla
BEGIN /tmp/vpx-conf-29977-19507.c
     1	int x;
END /tmp/vpx-conf-29977-19507.c
gcc -fpic -ffunction-sections -funwind-tables -fstack-protector -no-canonical-prefixes -msoft-float -fno-exceptions -I/home/ring0/develop/android-ndk-r15c/platforms/android-19/arch-x86/usr/include -m32 -DNDEBUG -O3 -Wall -Wdeclaration-after-statement -Wdisabled-optimization -Wfloat-conversion -Wpointer-arith -Wtype-limits -Wcast-qual -Werror -Wvla -c -o /tmp/vpx-conf-29977-19507.o /tmp/vpx-conf-29977-19507.c
check_cxxflags -Wimplicit-function-declaration
check_cxx -Werror -Wimplicit-function-declaration
BEGIN /tmp/vpx-conf-29977-19507.cc
     1	int x;
END /tmp/vpx-conf-29977-19507.cc
g++ -m32 -DNDEBUG -O3 -Wall -Wdisabled-optimization -Wfloat-conversion -Wpointer-arith -Wtype-limits -Wcast-qual -Wvla -Werror -Wimplicit-function-declaration -c -o /tmp/vpx-conf-29977-19507.o /tmp/vpx-conf-29977-19507.cc
cc1plus: error: command line option ‘-Wimplicit-function-declaration’ is valid for C/ObjC but not for C++ [-Werror]
cc1plus: all warnings being treated as errors
check_cflags -Wimplicit-function-declaration
check_cc -Werror -Wimplicit-function-declaration
BEGIN /tmp/vpx-conf-29977-19507.c
     1	int x;
END /tmp/vpx-conf-29977-19507.c
gcc -fpic -ffunction-sections -funwind-tables -fstack-protector -no-canonical-prefixes -msoft-float -fno-exceptions -I/home/ring0/develop/android-ndk-r15c/platforms/android-19/arch-x86/usr/include -m32 -DNDEBUG -O3 -Wall -Wdeclaration-after-statement -Wdisabled-optimization -Wfloat-conversion -Wpointer-arith -Wtype-limits -Wcast-qual -Wvla -Werror -Wimplicit-function-declaration -c -o /tmp/vpx-conf-29977-19507.o /tmp/vpx-conf-29977-19507.c
check_cxxflags -Wuninitialized
check_cxx -Werror -Wuninitialized
BEGIN /tmp/vpx-conf-29977-19507.cc
     1	int x;
END /tmp/vpx-conf-29977-19507.cc
g++ -m32 -DNDEBUG -O3 -Wall -Wdisabled-optimization -Wfloat-conversion -Wpointer-arith -Wtype-limits -Wcast-qual -Wvla -Werror -Wuninitialized -c -o /tmp/vpx-conf-29977-19507.o /tmp/vpx-conf-29977-19507.cc
check_cflags -Wuninitialized
check_cc -Werror -Wuninitialized
BEGIN /tmp/vpx-conf-29977-19507.c
     1	int x;
END /tmp/vpx-conf-29977-19507.c
gcc -fpic -ffunction-sections -funwind-tables -fstack-protector -no-canonical-prefixes -msoft-float -fno-exceptions -I/home/ring0/develop/android-ndk-r15c/platforms/android-19/arch-x86/usr/include -m32 -DNDEBUG -O3 -Wall -Wdeclaration-after-statement -Wdisabled-optimization -Wfloat-conversion -Wpointer-arith -Wtype-limits -Wcast-qual -Wvla -Wimplicit-function-declaration -Werror -Wuninitialized -c -o /tmp/vpx-conf-29977-19507.o /tmp/vpx-conf-29977-19507.c
check_cxxflags -Wunused
check_cxx -Werror -Wunused
BEGIN /tmp/vpx-conf-29977-19507.cc
     1	int x;
END /tmp/vpx-conf-29977-19507.cc
g++ -m32 -DNDEBUG -O3 -Wall -Wdisabled-optimization -Wfloat-conversion -Wpointer-arith -Wtype-limits -Wcast-qual -Wvla -Wuninitialized -Werror -Wunused -c -o /tmp/vpx-conf-29977-19507.o /tmp/vpx-conf-29977-19507.cc
check_cflags -Wunused
check_cc -Werror -Wunused
BEGIN /tmp/vpx-conf-29977-19507.c
     1	int x;
END /tmp/vpx-conf-29977-19507.c
gcc -fpic -ffunction-sections -funwind-tables -fstack-protector -no-canonical-prefixes -msoft-float -fno-exceptions -I/home/ring0/develop/android-ndk-r15c/platforms/android-19/arch-x86/usr/include -m32 -DNDEBUG -O3 -Wall -Wdeclaration-after-statement -Wdisabled-optimization -Wfloat-conversion -Wpointer-arith -Wtype-limits -Wcast-qual -Wvla -Wimplicit-function-declaration -Wuninitialized -Werror -Wunused -c -o /tmp/vpx-conf-29977-19507.o /tmp/vpx-conf-29977-19507.c
check_cxxflags -Wextra
check_cxx -Werror -Wextra
BEGIN /tmp/vpx-conf-29977-19507.cc
     1	int x;
END /tmp/vpx-conf-29977-19507.cc
g++ -m32 -DNDEBUG -O3 -Wall -Wdisabled-optimization -Wfloat-conversion -Wpointer-arith -Wtype-limits -Wcast-qual -Wvla -Wuninitialized -Wunused -Werror -Wextra -c -o /tmp/vpx-conf-29977-19507.o /tmp/vpx-conf-29977-19507.cc
check_cflags -Wextra
check_cc -Werror -Wextra
BEGIN /tmp/vpx-conf-29977-19507.c
     1	int x;
END /tmp/vpx-conf-29977-19507.c
gcc -fpic -ffunction-sections -funwind-tables -fstack-protector -no-canonical-prefixes -msoft-float -fno-exceptions -I/home/ring0/develop/android-ndk-r15c/platforms/android-19/arch-x86/usr/include -m32 -DNDEBUG -O3 -Wall -Wdeclaration-after-statement -Wdisabled-optimization -Wfloat-conversion -Wpointer-arith -Wtype-limits -Wcast-qual -Wvla -Wimplicit-function-declaration -Wuninitialized -Wunused -Werror -Wextra -c -o /tmp/vpx-conf-29977-19507.o /tmp/vpx-conf-29977-19507.c
check_cflags -Wundef
check_cc -Werror -Wundef
BEGIN /tmp/vpx-conf-29977-19507.c
     1	int x;
END /tmp/vpx-conf-29977-19507.c
gcc -fpic -ffunction-sections -funwind-tables -fstack-protector -no-canonical-prefixes -msoft-float -fno-exceptions -I/home/ring0/develop/android-ndk-r15c/platforms/android-19/arch-x86/usr/include -m32 -DNDEBUG -O3 -Wall -Wdeclaration-after-statement -Wdisabled-optimization -Wfloat-conversion -Wpointer-arith -Wtype-limits -Wcast-qual -Wvla -Wimplicit-function-declaration -Wuninitialized -Wunused -Wextra -Werror -Wundef -c -o /tmp/vpx-conf-29977-19507.o /tmp/vpx-conf-29977-19507.c
check_cflags -Wshorten-64-to-32
check_cc -Werror -Wshorten-64-to-32
BEGIN /tmp/vpx-conf-29977-19507.c
     1	int x;
END /tmp/vpx-conf-29977-19507.c
gcc -fpic -ffunction-sections -funwind-tables -fstack-protector -no-canonical-prefixes -msoft-float -fno-exceptions -I/home/ring0/develop/android-ndk-r15c/platforms/android-19/arch-x86/usr/include -m32 -DNDEBUG -O3 -Wall -Wdeclaration-after-statement -Wdisabled-optimization -Wfloat-conversion -Wpointer-arith -Wtype-limits -Wcast-qual -Wvla -Wimplicit-function-declaration -Wuninitialized -Wunused -Wextra -Wundef -Werror -Wshorten-64-to-32 -c -o /tmp/vpx-conf-29977-19507.o /tmp/vpx-conf-29977-19507.c
gcc: error: unrecognized command line option ‘-Wshorten-64-to-32’
  enabling postproc
  enabling webm_io
  enabling libyuv
check_header stdio.h
check_cpp
BEGIN /tmp/vpx-conf-29977-19507.c
     1	#include "stdio.h"
     2	int x;
END /tmp/vpx-conf-29977-19507.c
gcc -fpic -ffunction-sections -funwind-tables -fstack-protector -no-canonical-prefixes -msoft-float -fno-exceptions -I/home/ring0/develop/android-ndk-r15c/platforms/android-19/arch-x86/usr/include -m32 -DNDEBUG -O3 -Wall -Wdeclaration-after-statement -Wdisabled-optimization -Wfloat-conversion -Wpointer-arith -Wtype-limits -Wcast-qual -Wvla -Wimplicit-function-declaration -Wuninitialized -Wunused -Wextra -Wundef -E -o /tmp/vpx-conf-29977-19507.o /tmp/vpx-conf-29977-19507.c
In file included from /home/ring0/develop/android-ndk-r15c/platforms/android-19/arch-x86/usr/include/stdio.h:49:0,
                 from /tmp/vpx-conf-29977-19507.c:1:
/home/ring0/develop/android-ndk-r15c/platforms/android-19/arch-x86/usr/include/sys/cdefs.h:556:5: warning: "__LP64__" is not defined [-Wundef]
 #if __LP64__
     ^~~~~~~~
check_ld
check_cc
BEGIN /tmp/vpx-conf-29977-19507.c
     1	int main(void) {return 0;}
END /tmp/vpx-conf-29977-19507.c
gcc -fpic -ffunction-sections -funwind-tables -fstack-protector -no-canonical-prefixes -msoft-float -fno-exceptions -I/home/ring0/develop/android-ndk-r15c/platforms/android-19/arch-x86/usr/include -m32 -DNDEBUG -O3 -Wall -Wdeclaration-after-statement -Wdisabled-optimization -Wfloat-conversion -Wpointer-arith -Wtype-limits -Wcast-qual -Wvla -Wimplicit-function-declaration -Wuninitialized -Wunused -Wextra -Wundef -c -o /tmp/vpx-conf-29977-19507.o /tmp/vpx-conf-29977-19507.c
g++ -Wl,-Bsymbolic --sysroot=/home/ring0/develop/android-ndk-r15c/platforms/android-19/arch-x86 -no-canonical-prefixes -Wl,--no-undefined -Wl,-z,noexecstack -Wl,-z,relro -Wl,-z,now -L/home/ring0/develop/android-ndk-r15c/platforms/android-19/arch-x86/usr/lib -lm -lgcc -m32 -o /tmp/vpx-conf-29977-19507.x /tmp/vpx-conf-29977-19507.o
/usr/bin/ld: 找不到 Scrt1.o: 没有那个文件或目录
/usr/bin/ld: 找不到 crti.o: 没有那个文件或目录
/usr/bin/ld: 当搜索用于 /usr/lib/gcc/x86_64-linux-gnu/6/libgcc.a 时跳过不兼容的 -lgcc
/usr/bin/ld: 找不到 -lgcc
/usr/bin/ld: 当搜索用于 /usr/lib/gcc/x86_64-linux-gnu/6/libgcc.a 时跳过不兼容的 -lgcc
/usr/bin/ld: 找不到 -lgcc
collect2: error: ld returned 1 exit status
